0 info it worked if it ends with ok
1 verbose cli [ '/usr/local/bin/node', '/usr/local/bin/npm', 'run', 'web' ]
2 info using npm@4.0.2
3 info using node@v7.0.0
4 verbose run-script [ 'preweb', 'web', 'postweb' ]
5 info lifecycle dapp-demo@1.0.0~preweb: dapp-demo@1.0.0
6 silly lifecycle dapp-demo@1.0.0~preweb: no script for preweb, continuing
7 info lifecycle dapp-demo@1.0.0~web: dapp-demo@1.0.0
8 verbose lifecycle dapp-demo@1.0.0~web: unsafe-perm in lifecycle true
9 verbose lifecycle dapp-demo@1.0.0~web: PATH: /usr/local/lib/node_modules/npm/bin/node-gyp-bin:/Users/nytyr/Workspace/www/dapp-demo/node_modules/.bin:/opt/android-ndk-r10e/:/Applications/Android Studio.app/sdk/tools:/Applications/Android Studio.app/sdk/platform-tools:/Applications/Android Studio.app/sdk:/Users/nytyr/Downloads/cocos2d-x-3.7.1/templates:/Users/nytyr/Downloads/cocos2d-x-3.7.1/tools/cocos2d-console/bin:/opt/local/bin:/opt/local/sbin:/usr/local/bin:/usr/bin:/bin:/usr/sbin:/sbin:/opt/X11/bin:/Applications/Marmalade.app/Contents/s3e/bin
10 verbose lifecycle dapp-demo@1.0.0~web: CWD: /Users/nytyr/Workspace/www/dapp-demo
11 silly lifecycle dapp-demo@1.0.0~web: Args: [ '-c', 'http-server -a localhost -p 8000 -c-1 ./src/www' ]
12 silly lifecycle dapp-demo@1.0.0~web: Returned: code: 1  signal: null
13 info lifecycle dapp-demo@1.0.0~web: Failed to exec web script
14 verbose stack Error: dapp-demo@1.0.0 web: `http-server -a localhost -p 8000 -c-1 ./src/www`
14 verbose stack Exit status 1
14 verbose stack     at EventEmitter.<anonymous> (/usr/local/lib/node_modules/npm/lib/utils/lifecycle.js:279:16)
14 verbose stack     at emitTwo (events.js:106:13)
14 verbose stack     at EventEmitter.emit (events.js:191:7)
14 verbose stack     at ChildProcess.<anonymous> (/usr/local/lib/node_modules/npm/lib/utils/spawn.js:40:14)
14 verbose stack     at emitTwo (events.js:106:13)
14 verbose stack     at ChildProcess.emit (events.js:191:7)
14 verbose stack     at maybeClose (internal/child_process.js:877:16)
14 verbose stack     at Process.ChildProcess._handle.onexit (internal/child_process.js:226:5)
15 verbose pkgid dapp-demo@1.0.0
16 verbose cwd /Users/nytyr/Workspace/www/dapp-demo
17 error Darwin 15.6.0
18 error argv "/usr/local/bin/node" "/usr/local/bin/npm" "run" "web"
19 error node v7.0.0
20 error npm  v4.0.2
21 error code ELIFECYCLE
22 error dapp-demo@1.0.0 web: `http-server -a localhost -p 8000 -c-1 ./src/www`
22 error Exit status 1
23 error Failed at the dapp-demo@1.0.0 web script 'http-server -a localhost -p 8000 -c-1 ./src/www'.
23 error Make sure you have the latest version of node.js and npm installed.
23 error If you do, this is most likely a problem with the dapp-demo package,
23 error not with npm itself.
23 error Tell the author that this fails on your system:
23 error     http-server -a localhost -p 8000 -c-1 ./src/www
23 error You can get information on how to open an issue for this project with:
23 error     npm bugs dapp-demo
23 error Or if that isn't available, you can get their info via:
23 error     npm owner ls dapp-demo
23 error There is likely additional logging output above.
24 verbose exit [ 1, true ]
